<?xml version="1.0" encoding="UTF-8"?>
<!-- Generated by org.testng.reporters.JUnitReportReporter -->
<testsuite hostname="dell" name="testNGpractise.test2" tests="2" failures="0" timestamp="11 Aug 2019 05:08:00 GMT" time="0.006" errors="0">
  <testcase name="prg4" time="0.002" classname="testNGpractise.test2"/>
  <testcase name="prg5" time="0.004" classname="testNGpractise.test2"/>
</testsuite> <!-- testNGpractise.test2 -->
