<?xml version="1.0" encoding="UTF-8"?>
<!-- Generated by org.testng.reporters.JUnitReportReporter -->
<testsuite hostname="dell" name="testNGpractise.Geeks" tests="1" failures="0" timestamp="11 Aug 2019 04:49:28 GMT" time="36.183" errors="0">
  <testcase name="openGoogle" time="36.183" classname="testNGpractise.Geeks"/>
</testsuite> <!-- testNGpractise.Geeks -->
