<?xml version="1.0" encoding="UTF-8"?>
<!-- Generated by org.testng.reporters.JUnitReportReporter -->
<testsuite hostname="dell" name="entry.AddTestCase" tests="2" failures="0" timestamp="11 Aug 2019 05:26:52 GMT" time="0.017" errors="0">
  <testcase name="addLocationTestCase" time="0.005" classname="entry.AddTestCase"/>
  <testcase name="addDepartmentTestCase" time="0.012" classname="entry.AddTestCase"/>
</testsuite> <!-- entry.AddTestCase -->
