<?xml version="1.0" encoding="UTF-8"?>
<!-- Generated by org.testng.reporters.JUnitReportReporter -->
<testsuite hostname="dell" name="testNGpractise.test1" tests="3" failures="0" timestamp="11 Aug 2019 05:08:00 GMT" time="0.022" errors="0">
  <testcase name="prg2" time="0.007" classname="testNGpractise.test1"/>
  <testcase name="prg3" time="0.003" classname="testNGpractise.test1"/>
  <testcase name="prg1" time="0.012" classname="testNGpractise.test1"/>
</testsuite> <!-- testNGpractise.test1 -->
