<?xml version="1.0" encoding="UTF-8"?>
<!-- Generated by org.testng.reporters.JUnitReportReporter -->
<testsuite hostname="dell" name="testNGpractise.javatpoint" tests="1" failures="0" timestamp="11 Aug 2019 04:58:33 GMT" time="0.022" errors="0">
  <testcase name="openGoogle" time="0.022" classname="testNGpractise.javatpoint"/>
</testsuite> <!-- testNGpractise.javatpoint -->
