<?xml version="1.0" encoding="UTF-8"?>
<!-- Generated by org.testng.reporters.JUnitReportReporter -->
<testsuite hostname="dell" name="testNGpractise.test3" tests="2" failures="0" timestamp="11 Aug 2019 05:08:00 GMT" time="0.009" errors="0">
  <testcase name="prg6" time="0.002" classname="testNGpractise.test3"/>
  <testcase name="prg7" time="0.007" classname="testNGpractise.test3"/>
</testsuite> <!-- testNGpractise.test3 -->
